  [4;36;1mSQL (0.4ms)[0m   [0;1m SELECT name
 FROM sqlite_master
 WHERE type = 'table' AND NOT name = 'sqlite_sequence'
[0m
  [4;35;1mSQL (0.3ms)[0m   [0mselect sqlite_version(*)[0m
  [4;36;1mSQL (3.1ms)[0m   [0;1mCREATE TABLE "schema_migrations" ("version" varchar(255) NOT NULL) [0m
  [4;35;1mSQL (1.9ms)[0m   [0mCREATE UNIQUE INDEX "unique_schema_migrations" ON "schema_migrations" ("version")[0m
  [4;36;1mSQL (0.3ms)[0m   [0;1m SELECT name
 FROM sqlite_master
 WHERE type = 'table' AND NOT name = 'sqlite_sequence'
[0m
  [4;35;1mSQL (0.1ms)[0m   [0mSELECT version FROM schema_migrations[0m
Migrating to CreateUsers (20091214084515)
  [4;36;1mSQL (0.5ms)[0m   [0;1mCREATE TABLE "users" ("id" INTEGER PRIMARY KEY AUTOINCREMENT NOT NULL, "login" varchar(255), "crypted_password" varchar(255), "password_salt" varchar(255), "created_at" datetime, "updated_at" datetime) [0m
  [4;35;1mSQL (0.1ms)[0m   [0mINSERT INTO schema_migrations (version) VALUES ('20091214084515')[0m
  [4;36;1mSQL (0.4ms)[0m   [0;1m SELECT name
 FROM sqlite_master
 WHERE type = 'table' AND NOT name = 'sqlite_sequence'
[0m
  [4;35;1mSQL (0.2ms)[0m   [0mSELECT version FROM schema_migrations[0m
  [4;36;1mSQL (0.5ms)[0m   [0;1m SELECT name
 FROM sqlite_master
 WHERE type = 'table' AND NOT name = 'sqlite_sequence'
[0m
  [4;35;1mSQL (0.1ms)[0m   [0mPRAGMA index_list("users")[0m


Processing UsersController#new (for 127.0.0.1 at 2009-12-14 10:21:47) [GET]
  Parameters: {"action"=>"new", "controller"=>"users"}

NoMethodError (undefined method `require_no_user' for #<UsersController:0xb6fce070>):
  /usr/lib/ruby/1.8/webrick/httpserver.rb:104:in `service'
  /usr/lib/ruby/1.8/webrick/httpserver.rb:65:in `run'
  /usr/lib/ruby/1.8/webrick/server.rb:173:in `start_thread'
  /usr/lib/ruby/1.8/webrick/server.rb:162:in `start'
  /usr/lib/ruby/1.8/webrick/server.rb:162:in `start_thread'
  /usr/lib/ruby/1.8/webrick/server.rb:95:in `start'
  /usr/lib/ruby/1.8/webrick/server.rb:92:in `each'
  /usr/lib/ruby/1.8/webrick/server.rb:92:in `start'
  /usr/lib/ruby/1.8/webrick/server.rb:23:in `start'
  /usr/lib/ruby/1.8/webrick/server.rb:82:in `start'
  -e:2:in `load'
  -e:2

Rendered rescues/_trace (114.1ms)
Rendered rescues/_request_and_response (4.5ms)
Rendering rescues/layout (internal_server_error)


Processing UsersController#new (for 127.0.0.1 at 2009-12-14 10:24:27) [GET]
  Parameters: {"action"=>"new", "controller"=>"users"}
Rendering template within layouts/application
Rendering users/new
Completed in 102ms (View: 57, DB: 0) | 200 OK [http://0.0.0.0/users/new]


Processing ApplicationController#index (for 127.0.0.1 at 2009-12-14 10:24:28) [GET]

ActionController::RoutingError (No route matches "/images/modules/header/logov3.png" with {:method=>:get}):
  /usr/lib/ruby/1.8/webrick/httpserver.rb:104:in `service'
  /usr/lib/ruby/1.8/webrick/httpserver.rb:65:in `run'
  /usr/lib/ruby/1.8/webrick/server.rb:173:in `start_thread'
  /usr/lib/ruby/1.8/webrick/server.rb:162:in `start'
  /usr/lib/ruby/1.8/webrick/server.rb:162:in `start_thread'
  /usr/lib/ruby/1.8/webrick/server.rb:95:in `start'
  /usr/lib/ruby/1.8/webrick/server.rb:92:in `each'
  /usr/lib/ruby/1.8/webrick/server.rb:92:in `start'
  /usr/lib/ruby/1.8/webrick/server.rb:23:in `start'
  /usr/lib/ruby/1.8/webrick/server.rb:82:in `start'
  -e:2:in `load'
  -e:2

Rendering rescues/layout (not_found)


Processing ApplicationController#index (for 127.0.0.1 at 2009-12-14 10:24:29) [GET]

ActionController::RoutingError (No route matches "/images/icons/private.png" with {:method=>:get}):
  /usr/lib/ruby/1.8/webrick/httpserver.rb:104:in `service'
  /usr/lib/ruby/1.8/webrick/httpserver.rb:65:in `run'
  /usr/lib/ruby/1.8/webrick/server.rb:173:in `start_thread'
  /usr/lib/ruby/1.8/webrick/server.rb:162:in `start'
  /usr/lib/ruby/1.8/webrick/server.rb:162:in `start_thread'
  /usr/lib/ruby/1.8/webrick/server.rb:95:in `start'
  /usr/lib/ruby/1.8/webrick/server.rb:92:in `each'
  /usr/lib/ruby/1.8/webrick/server.rb:92:in `start'
  /usr/lib/ruby/1.8/webrick/server.rb:23:in `start'
  /usr/lib/ruby/1.8/webrick/server.rb:82:in `start'
  -e:2:in `load'
  -e:2

Rendering rescues/layout (not_found)


Processing ApplicationController#index (for 127.0.0.1 at 2009-12-14 10:24:29) [GET]

ActionController::RoutingError (No route matches "/images/icons/public.png" with {:method=>:get}):
  /usr/lib/ruby/1.8/webrick/httpserver.rb:104:in `service'
  /usr/lib/ruby/1.8/webrick/httpserver.rb:65:in `run'
  /usr/lib/ruby/1.8/webrick/server.rb:173:in `start_thread'
  /usr/lib/ruby/1.8/webrick/server.rb:162:in `start'
  /usr/lib/ruby/1.8/webrick/server.rb:162:in `start_thread'
  /usr/lib/ruby/1.8/webrick/server.rb:95:in `start'
  /usr/lib/ruby/1.8/webrick/server.rb:92:in `each'
  /usr/lib/ruby/1.8/webrick/server.rb:92:in `start'
  /usr/lib/ruby/1.8/webrick/server.rb:23:in `start'
  /usr/lib/ruby/1.8/webrick/server.rb:82:in `start'
  -e:2:in `load'
  -e:2

Rendering rescues/layout (not_found)


Processing ApplicationController#index (for 127.0.0.1 at 2009-12-14 10:24:29) [GET]

ActionController::RoutingError (No route matches "/flash/clippy.swf" with {:method=>:get}):
  /usr/lib/ruby/1.8/webrick/httpserver.rb:104:in `service'
  /usr/lib/ruby/1.8/webrick/httpserver.rb:65:in `run'
  /usr/lib/ruby/1.8/webrick/server.rb:173:in `start_thread'
  /usr/lib/ruby/1.8/webrick/server.rb:162:in `start'
  /usr/lib/ruby/1.8/webrick/server.rb:162:in `start_thread'
  /usr/lib/ruby/1.8/webrick/server.rb:95:in `start'
  /usr/lib/ruby/1.8/webrick/server.rb:92:in `each'
  /usr/lib/ruby/1.8/webrick/server.rb:92:in `start'
  /usr/lib/ruby/1.8/webrick/server.rb:23:in `start'
  /usr/lib/ruby/1.8/webrick/server.rb:82:in `start'
  -e:2:in `load'
  -e:2

Rendering rescues/layout (not_found)


Processing ApplicationController#index (for 127.0.0.1 at 2009-12-14 10:24:29) [GET]

ActionController::RoutingError (No route matches "/flash/clippy.swf" with {:method=>:get}):
  /usr/lib/ruby/1.8/webrick/httpserver.rb:104:in `service'
  /usr/lib/ruby/1.8/webrick/httpserver.rb:65:in `run'
  /usr/lib/ruby/1.8/webrick/server.rb:173:in `start_thread'
  /usr/lib/ruby/1.8/webrick/server.rb:162:in `start'
  /usr/lib/ruby/1.8/webrick/server.rb:162:in `start_thread'
  /usr/lib/ruby/1.8/webrick/server.rb:95:in `start'
  /usr/lib/ruby/1.8/webrick/server.rb:92:in `each'
  /usr/lib/ruby/1.8/webrick/server.rb:92:in `start'
  /usr/lib/ruby/1.8/webrick/server.rb:23:in `start'
  /usr/lib/ruby/1.8/webrick/server.rb:82:in `start'
  -e:2:in `load'
  -e:2

Rendering rescues/layout (not_found)


Processing ApplicationController#index (for 127.0.0.1 at 2009-12-14 10:24:29) [GET]

ActionController::RoutingError (No route matches "/facebox/closelabel.gif" with {:method=>:get}):
  /usr/lib/ruby/1.8/webrick/httpserver.rb:104:in `service'
  /usr/lib/ruby/1.8/webrick/httpserver.rb:65:in `run'
  /usr/lib/ruby/1.8/webrick/server.rb:173:in `start_thread'
  /usr/lib/ruby/1.8/webrick/server.rb:162:in `start'
  /usr/lib/ruby/1.8/webrick/server.rb:162:in `start_thread'
  /usr/lib/ruby/1.8/webrick/server.rb:95:in `start'
  /usr/lib/ruby/1.8/webrick/server.rb:92:in `each'
  /usr/lib/ruby/1.8/webrick/server.rb:92:in `start'
  /usr/lib/ruby/1.8/webrick/server.rb:23:in `start'
  /usr/lib/ruby/1.8/webrick/server.rb:82:in `start'
  -e:2:in `load'
  -e:2

Rendering rescues/layout (not_found)


Processing ApplicationController#index (for 127.0.0.1 at 2009-12-14 10:24:30) [GET]

ActionController::RoutingError (No route matches "/facebox/loading.gif" with {:method=>:get}):
  /usr/lib/ruby/1.8/webrick/httpserver.rb:104:in `service'
  /usr/lib/ruby/1.8/webrick/httpserver.rb:65:in `run'
  /usr/lib/ruby/1.8/webrick/server.rb:173:in `start_thread'
  /usr/lib/ruby/1.8/webrick/server.rb:162:in `start'
  /usr/lib/ruby/1.8/webrick/server.rb:162:in `start_thread'
  /usr/lib/ruby/1.8/webrick/server.rb:95:in `start'
  /usr/lib/ruby/1.8/webrick/server.rb:92:in `each'
  /usr/lib/ruby/1.8/webrick/server.rb:92:in `start'
  /usr/lib/ruby/1.8/webrick/server.rb:23:in `start'
  /usr/lib/ruby/1.8/webrick/server.rb:82:in `start'
  -e:2:in `load'
  -e:2

Rendering rescues/layout (not_found)


Processing UsersController#new (for 127.0.0.1 at 2009-12-14 10:25:04) [GET]
  Parameters: {"action"=>"new", "controller"=>"users"}
Rendering template within layouts/application
Rendering users/new
Completed in 25ms (View: 1, DB: 0) | 200 OK [http://0.0.0.0/users/new]


Processing ApplicationController#index (for 127.0.0.1 at 2009-12-14 10:25:06) [GET]

ActionController::RoutingError (No route matches "/images/modules/header/logov3.png" with {:method=>:get}):
  /usr/lib/ruby/1.8/webrick/httpserver.rb:104:in `service'
  /usr/lib/ruby/1.8/webrick/httpserver.rb:65:in `run'
  /usr/lib/ruby/1.8/webrick/server.rb:173:in `start_thread'
  /usr/lib/ruby/1.8/webrick/server.rb:162:in `start'
  /usr/lib/ruby/1.8/webrick/server.rb:162:in `start_thread'
  /usr/lib/ruby/1.8/webrick/server.rb:95:in `start'
  /usr/lib/ruby/1.8/webrick/server.rb:92:in `each'
  /usr/lib/ruby/1.8/webrick/server.rb:92:in `start'
  /usr/lib/ruby/1.8/webrick/server.rb:23:in `start'
  /usr/lib/ruby/1.8/webrick/server.rb:82:in `start'
  -e:2:in `load'
  -e:2

Rendering rescues/layout (not_found)


Processing ApplicationController#index (for 127.0.0.1 at 2009-12-14 10:25:06) [GET]

ActionController::RoutingError (No route matches "/images/icons/private.png" with {:method=>:get}):
  /usr/lib/ruby/1.8/webrick/httpserver.rb:104:in `service'
  /usr/lib/ruby/1.8/webrick/httpserver.rb:65:in `run'
  /usr/lib/ruby/1.8/webrick/server.rb:173:in `start_thread'
  /usr/lib/ruby/1.8/webrick/server.rb:162:in `start'
  /usr/lib/ruby/1.8/webrick/server.rb:162:in `start_thread'
  /usr/lib/ruby/1.8/webrick/server.rb:95:in `start'
  /usr/lib/ruby/1.8/webrick/server.rb:92:in `each'
  /usr/lib/ruby/1.8/webrick/server.rb:92:in `start'
  /usr/lib/ruby/1.8/webrick/server.rb:23:in `start'
  /usr/lib/ruby/1.8/webrick/server.rb:82:in `start'
  -e:2:in `load'
  -e:2

Rendering rescues/layout (not_found)


Processing ApplicationController#index (for 127.0.0.1 at 2009-12-14 10:25:06) [GET]

ActionController::RoutingError (No route matches "/images/icons/public.png" with {:method=>:get}):
  /usr/lib/ruby/1.8/webrick/httpserver.rb:104:in `service'
  /usr/lib/ruby/1.8/webrick/httpserver.rb:65:in `run'
  /usr/lib/ruby/1.8/webrick/server.rb:173:in `start_thread'
  /usr/lib/ruby/1.8/webrick/server.rb:162:in `start'
  /usr/lib/ruby/1.8/webrick/server.rb:162:in `start_thread'
  /usr/lib/ruby/1.8/webrick/server.rb:95:in `start'
  /usr/lib/ruby/1.8/webrick/server.rb:92:in `each'
  /usr/lib/ruby/1.8/webrick/server.rb:92:in `start'
  /usr/lib/ruby/1.8/webrick/server.rb:23:in `start'
  /usr/lib/ruby/1.8/webrick/server.rb:82:in `start'
  -e:2:in `load'
  -e:2

Rendering rescues/layout (not_found)


Processing ApplicationController#index (for 127.0.0.1 at 2009-12-14 10:25:06) [GET]

ActionController::RoutingError (No route matches "/flash/clippy.swf" with {:method=>:get}):
  /usr/lib/ruby/1.8/webrick/httpserver.rb:104:in `service'
  /usr/lib/ruby/1.8/webrick/httpserver.rb:65:in `run'
  /usr/lib/ruby/1.8/webrick/server.rb:173:in `start_thread'
  /usr/lib/ruby/1.8/webrick/server.rb:162:in `start'
  /usr/lib/ruby/1.8/webrick/server.rb:162:in `start_thread'
  /usr/lib/ruby/1.8/webrick/server.rb:95:in `start'
  /usr/lib/ruby/1.8/webrick/server.rb:92:in `each'
  /usr/lib/ruby/1.8/webrick/server.rb:92:in `start'
  /usr/lib/ruby/1.8/webrick/server.rb:23:in `start'
  /usr/lib/ruby/1.8/webrick/server.rb:82:in `start'
  -e:2:in `load'
  -e:2

Rendering rescues/layout (not_found)


Processing ApplicationController#index (for 127.0.0.1 at 2009-12-14 10:25:06) [GET]

ActionController::RoutingError (No route matches "/flash/clippy.swf" with {:method=>:get}):
  /usr/lib/ruby/1.8/webrick/httpserver.rb:104:in `service'
  /usr/lib/ruby/1.8/webrick/httpserver.rb:65:in `run'
  /usr/lib/ruby/1.8/webrick/server.rb:173:in `start_thread'
  /usr/lib/ruby/1.8/webrick/server.rb:162:in `start'
  /usr/lib/ruby/1.8/webrick/server.rb:162:in `start_thread'
  /usr/lib/ruby/1.8/webrick/server.rb:95:in `start'
  /usr/lib/ruby/1.8/webrick/server.rb:92:in `each'
  /usr/lib/ruby/1.8/webrick/server.rb:92:in `start'
  /usr/lib/ruby/1.8/webrick/server.rb:23:in `start'
  /usr/lib/ruby/1.8/webrick/server.rb:82:in `start'
  -e:2:in `load'
  -e:2

Rendering rescues/layout (not_found)


Processing ApplicationController#index (for 127.0.0.1 at 2009-12-14 10:25:07) [GET]

ActionController::RoutingError (No route matches "/facebox/closelabel.gif" with {:method=>:get}):
  /usr/lib/ruby/1.8/webrick/httpserver.rb:104:in `service'
  /usr/lib/ruby/1.8/webrick/httpserver.rb:65:in `run'
  /usr/lib/ruby/1.8/webrick/server.rb:173:in `start_thread'
  /usr/lib/ruby/1.8/webrick/server.rb:162:in `start'
  /usr/lib/ruby/1.8/webrick/server.rb:162:in `start_thread'
  /usr/lib/ruby/1.8/webrick/server.rb:95:in `start'
  /usr/lib/ruby/1.8/webrick/server.rb:92:in `each'
  /usr/lib/ruby/1.8/webrick/server.rb:92:in `start'
  /usr/lib/ruby/1.8/webrick/server.rb:23:in `start'
  /usr/lib/ruby/1.8/webrick/server.rb:82:in `start'
  -e:2:in `load'
  -e:2

Rendering rescues/layout (not_found)


Processing ApplicationController#index (for 127.0.0.1 at 2009-12-14 10:25:07) [GET]

ActionController::RoutingError (No route matches "/facebox/loading.gif" with {:method=>:get}):
  /usr/lib/ruby/1.8/webrick/httpserver.rb:104:in `service'
  /usr/lib/ruby/1.8/webrick/httpserver.rb:65:in `run'
  /usr/lib/ruby/1.8/webrick/server.rb:173:in `start_thread'
  /usr/lib/ruby/1.8/webrick/server.rb:162:in `start'
  /usr/lib/ruby/1.8/webrick/server.rb:162:in `start_thread'
  /usr/lib/ruby/1.8/webrick/server.rb:95:in `start'
  /usr/lib/ruby/1.8/webrick/server.rb:92:in `each'
  /usr/lib/ruby/1.8/webrick/server.rb:92:in `start'
  /usr/lib/ruby/1.8/webrick/server.rb:23:in `start'
  /usr/lib/ruby/1.8/webrick/server.rb:82:in `start'
  -e:2:in `load'
  -e:2

Rendering rescues/layout (not_found)


Processing ApplicationController#index (for 127.0.0.1 at 2009-12-14 10:26:33) [GET]

ActionController::RoutingError (No route matches "/binarylogic/authlogic_example/tree/master/app/views/layouts" with {:method=>:get}):
  /usr/lib/ruby/1.8/webrick/httpserver.rb:104:in `service'
  /usr/lib/ruby/1.8/webrick/httpserver.rb:65:in `run'
  /usr/lib/ruby/1.8/webrick/server.rb:173:in `start_thread'
  /usr/lib/ruby/1.8/webrick/server.rb:162:in `start'
  /usr/lib/ruby/1.8/webrick/server.rb:162:in `start_thread'
  /usr/lib/ruby/1.8/webrick/server.rb:95:in `start'
  /usr/lib/ruby/1.8/webrick/server.rb:92:in `each'
  /usr/lib/ruby/1.8/webrick/server.rb:92:in `start'
  /usr/lib/ruby/1.8/webrick/server.rb:23:in `start'
  /usr/lib/ruby/1.8/webrick/server.rb:82:in `start'
  -e:2:in `load'
  -e:2

Rendering rescues/layout (not_found)


Processing UsersController#new (for 127.0.0.1 at 2009-12-14 10:26:37) [GET]
  Parameters: {"action"=>"new", "controller"=>"users"}
Rendering template within layouts/application
Rendering users/new
  [4;36;1mSQL (0.4ms)[0m   [0;1m SELECT name
 FROM sqlite_master
 WHERE type = 'table' AND NOT name = 'sqlite_sequence'
[0m

ActionView::TemplateError (undefined method `logged_in' for #<Class:0xb7057c30>) on line #16 of app/views/layouts/application.html.erb:
13: <span style="float: right; text-align: right;"><%= link_to "Source code", "http://github.com/binarylogic/authlogic_example" %> | <%= link_to "Setup tutorial", "http://www.binarylogic.com/2008/11/3/tutorial-authlogic-basic-setup" %> | <%= link_to "Password reset tutorial", "http://www.binarylogic.com/2008/11/16/tutorial-reset-passwords-with-authlogic" %><br />
14: <%= link_to "OpenID tutorial", "http://www.binarylogic.com/2008/11/21/tutorial-using-openid-with-authlogic" %> | <%= link_to "Authlogic Repo", "http://github.com/binarylogic/authlogic" %> | <%= link_to "Authlogic Doc", "http://authlogic.rubyforge.org/" %></span>
15: <h1>Authlogic Example App</h1>
16: <%= pluralize User.logged_in.count, "user" %> currently logged in<br /> <!-- This based on last_request_at, if they were active < 10 minutes they are logged in -->
17: <br />
18: <br />
19:  

    app/views/layouts/application.html.erb:16
    /usr/lib/ruby/1.8/webrick/httpserver.rb:104:in `service'
    /usr/lib/ruby/1.8/webrick/httpserver.rb:65:in `run'
    /usr/lib/ruby/1.8/webrick/server.rb:173:in `start_thread'
    /usr/lib/ruby/1.8/webrick/server.rb:162:in `start'
    /usr/lib/ruby/1.8/webrick/server.rb:162:in `start_thread'
    /usr/lib/ruby/1.8/webrick/server.rb:95:in `start'
    /usr/lib/ruby/1.8/webrick/server.rb:92:in `each'
    /usr/lib/ruby/1.8/webrick/server.rb:92:in `start'
    /usr/lib/ruby/1.8/webrick/server.rb:23:in `start'
    /usr/lib/ruby/1.8/webrick/server.rb:82:in `start'
    -e:2:in `load'
    -e:2

Rendered rescues/_trace (155.6ms)
Rendered rescues/_request_and_response (0.3ms)
Rendering rescues/layout (internal_server_error)


Processing UsersController#new (for 127.0.0.1 at 2009-12-14 10:28:00) [GET]
  Parameters: {"action"=>"new", "controller"=>"users"}
Rendering template within layouts/application
Rendering users/new
Rendered users/_form (2.9ms)
  [4;35;1mSQL (0.4ms)[0m   [0m SELECT name
 FROM sqlite_master
 WHERE type = 'table' AND NOT name = 'sqlite_sequence'
[0m

ActionView::TemplateError (undefined method `logged_in' for #<Class:0xb5ec7bf0>) on line #16 of app/views/layouts/application.html.erb:
13: <span style="float: right; text-align: right;"><%= link_to "Source code", "http://github.com/binarylogic/authlogic_example" %> | <%= link_to "Setup tutorial", "http://www.binarylogic.com/2008/11/3/tutorial-authlogic-basic-setup" %> | <%= link_to "Password reset tutorial", "http://www.binarylogic.com/2008/11/16/tutorial-reset-passwords-with-authlogic" %><br />
14: <%= link_to "OpenID tutorial", "http://www.binarylogic.com/2008/11/21/tutorial-using-openid-with-authlogic" %> | <%= link_to "Authlogic Repo", "http://github.com/binarylogic/authlogic" %> | <%= link_to "Authlogic Doc", "http://authlogic.rubyforge.org/" %></span>
15: <h1>Authlogic Example App</h1>
16: <%= pluralize User.logged_in.count, "user" %> currently logged in<br /> <!-- This based on last_request_at, if they were active < 10 minutes they are logged in -->
17: <br />
18: <br />
19:  

    app/views/layouts/application.html.erb:16
    /usr/lib/ruby/1.8/webrick/httpserver.rb:104:in `service'
    /usr/lib/ruby/1.8/webrick/httpserver.rb:65:in `run'
    /usr/lib/ruby/1.8/webrick/server.rb:173:in `start_thread'
    /usr/lib/ruby/1.8/webrick/server.rb:162:in `start'
    /usr/lib/ruby/1.8/webrick/server.rb:162:in `start_thread'
    /usr/lib/ruby/1.8/webrick/server.rb:95:in `start'
    /usr/lib/ruby/1.8/webrick/server.rb:92:in `each'
    /usr/lib/ruby/1.8/webrick/server.rb:92:in `start'
    /usr/lib/ruby/1.8/webrick/server.rb:23:in `start'
    /usr/lib/ruby/1.8/webrick/server.rb:82:in `start'
    -e:2:in `load'
    -e:2

Rendered rescues/_trace (49.8ms)
Rendered rescues/_request_and_response (0.4ms)
Rendering rescues/layout (internal_server_error)


Processing UsersController#new (for 127.0.0.1 at 2009-12-14 10:28:48) [GET]
  Parameters: {"action"=>"new", "controller"=>"users"}
Rendering template within layouts/application
Rendering users/new
Rendered users/_form (3.5ms)
  [4;36;1mSQL (1.8ms)[0m   [0;1m SELECT name
 FROM sqlite_master
 WHERE type = 'table' AND NOT name = 'sqlite_sequence'
[0m

ActionView::TemplateError (undefined method `logged_in' for #<Class:0xb5d71dc8>) on line #16 of app/views/layouts/application.html.erb:
13: <span style="float: right; text-align: right;"><%= link_to "Source code", "http://github.com/binarylogic/authlogic_example" %> | <%= link_to "Setup tutorial", "http://www.binarylogic.com/2008/11/3/tutorial-authlogic-basic-setup" %> | <%= link_to "Password reset tutorial", "http://www.binarylogic.com/2008/11/16/tutorial-reset-passwords-with-authlogic" %><br />
14: <%= link_to "OpenID tutorial", "http://www.binarylogic.com/2008/11/21/tutorial-using-openid-with-authlogic" %> | <%= link_to "Authlogic Repo", "http://github.com/binarylogic/authlogic" %> | <%= link_to "Authlogic Doc", "http://authlogic.rubyforge.org/" %></span>
15: <h1>Authlogic Example App</h1>
16: <%= pluralize User.logged_in.count, "user" %> currently logged in<br /> <!-- This based on last_request_at, if they were active < 10 minutes they are logged in -->
17: <br />
18: <br />
19:  

    app/views/layouts/application.html.erb:16
    /usr/lib/ruby/1.8/webrick/httpserver.rb:104:in `service'
    /usr/lib/ruby/1.8/webrick/httpserver.rb:65:in `run'
    /usr/lib/ruby/1.8/webrick/server.rb:173:in `start_thread'
    /usr/lib/ruby/1.8/webrick/server.rb:162:in `start'
    /usr/lib/ruby/1.8/webrick/server.rb:162:in `start_thread'
    /usr/lib/ruby/1.8/webrick/server.rb:95:in `start'
    /usr/lib/ruby/1.8/webrick/server.rb:92:in `each'
    /usr/lib/ruby/1.8/webrick/server.rb:92:in `start'
    /usr/lib/ruby/1.8/webrick/server.rb:23:in `start'
    /usr/lib/ruby/1.8/webrick/server.rb:82:in `start'
    -e:2:in `load'
    -e:2

Rendered rescues/_trace (53.8ms)
Rendered rescues/_request_and_response (0.4ms)
Rendering rescues/layout (internal_server_error)


Processing UsersController#new (for 127.0.0.1 at 2009-12-14 10:29:40) [GET]
  Parameters: {"action"=>"new", "controller"=>"users"}
Rendering template within layouts/application
Rendering users/new
Rendered users/_form (3.1ms)
  [4;35;1mSQL (1.6ms)[0m   [0m SELECT name
 FROM sqlite_master
 WHERE type = 'table' AND NOT name = 'sqlite_sequence'
[0m

ActionView::TemplateError (undefined method `logged_in?' for #<Class:0xb5e688f8>) on line #16 of app/views/layouts/application.html.erb:
13: <span style="float: right; text-align: right;"><%= link_to "Source code", "http://github.com/binarylogic/authlogic_example" %> | <%= link_to "Setup tutorial", "http://www.binarylogic.com/2008/11/3/tutorial-authlogic-basic-setup" %> | <%= link_to "Password reset tutorial", "http://www.binarylogic.com/2008/11/16/tutorial-reset-passwords-with-authlogic" %><br />
14: <%= link_to "OpenID tutorial", "http://www.binarylogic.com/2008/11/21/tutorial-using-openid-with-authlogic" %> | <%= link_to "Authlogic Repo", "http://github.com/binarylogic/authlogic" %> | <%= link_to "Authlogic Doc", "http://authlogic.rubyforge.org/" %></span>
15: <h1>Authlogic Example App</h1>
16: <%= pluralize User.logged_in?.count, "user" %> currently logged in<br /> <!-- This based on last_request_at, if they were active < 10 minutes they are logged in -->
17: <br />
18: <br />
19:  

    app/views/layouts/application.html.erb:16
    /usr/lib/ruby/1.8/webrick/httpserver.rb:104:in `service'
    /usr/lib/ruby/1.8/webrick/httpserver.rb:65:in `run'
    /usr/lib/ruby/1.8/webrick/server.rb:173:in `start_thread'
    /usr/lib/ruby/1.8/webrick/server.rb:162:in `start'
    /usr/lib/ruby/1.8/webrick/server.rb:162:in `start_thread'
    /usr/lib/ruby/1.8/webrick/server.rb:95:in `start'
    /usr/lib/ruby/1.8/webrick/server.rb:92:in `each'
    /usr/lib/ruby/1.8/webrick/server.rb:92:in `start'
    /usr/lib/ruby/1.8/webrick/server.rb:23:in `start'
    /usr/lib/ruby/1.8/webrick/server.rb:82:in `start'
    -e:2:in `load'
    -e:2

Rendered rescues/_trace (49.4ms)
Rendered rescues/_request_and_response (0.4ms)
Rendering rescues/layout (internal_server_error)
  [4;36;1mSQL (0.3ms)[0m   [0;1mselect sqlite_version(*)[0m
  [4;35;1mSQL (0.3ms)[0m   [0m SELECT name
 FROM sqlite_master
 WHERE type = 'table' AND NOT name = 'sqlite_sequence'
[0m
  [4;36;1mSQL (36.4ms)[0m   [0;1mCREATE TABLE "users" ("id" INTEGER PRIMARY KEY AUTOINCREMENT NOT NULL, "login" varchar(255), "crypted_password" varchar(255), "password_salt" varchar(255), "created_at" datetime, "updated_at" datetime) [0m
  [4;35;1mSQL (0.4ms)[0m   [0m SELECT name
 FROM sqlite_master
 WHERE type = 'table' AND NOT name = 'sqlite_sequence'
[0m
  [4;36;1mSQL (8.3ms)[0m   [0;1mCREATE TABLE "schema_migrations" ("version" varchar(255) NOT NULL) [0m
  [4;35;1mSQL (18.8ms)[0m   [0mCREATE UNIQUE INDEX "unique_schema_migrations" ON "schema_migrations" ("version")[0m
  [4;36;1mSQL (0.4ms)[0m   [0;1m SELECT name
 FROM sqlite_master
 WHERE type = 'table' AND NOT name = 'sqlite_sequence'
[0m
  [4;35;1mSQL (0.1ms)[0m   [0mSELECT version FROM "schema_migrations"[0m
  [4;36;1mSQL (11.0ms)[0m   [0;1mINSERT INTO "schema_migrations" (version) VALUES ('20091214084515')[0m


Processing UsersController#new (for 127.0.0.1 at 2009-12-14 10:30:36) [GET]
  Parameters: {"action"=>"new", "controller"=>"users"}
Rendering template within layouts/application
Rendering users/new
Rendered users/_form (5.9ms)
  [4;36;1mSQL (0.4ms)[0m   [0;1m SELECT name
 FROM sqlite_master
 WHERE type = 'table' AND NOT name = 'sqlite_sequence'
[0m

ActionView::TemplateError (undefined method `logged_in?' for #<Class:0xb70e3c1c>) on line #16 of app/views/layouts/application.html.erb:
13: <span style="float: right; text-align: right;"><%= link_to "Source code", "http://github.com/binarylogic/authlogic_example" %> | <%= link_to "Setup tutorial", "http://www.binarylogic.com/2008/11/3/tutorial-authlogic-basic-setup" %> | <%= link_to "Password reset tutorial", "http://www.binarylogic.com/2008/11/16/tutorial-reset-passwords-with-authlogic" %><br />
14: <%= link_to "OpenID tutorial", "http://www.binarylogic.com/2008/11/21/tutorial-using-openid-with-authlogic" %> | <%= link_to "Authlogic Repo", "http://github.com/binarylogic/authlogic" %> | <%= link_to "Authlogic Doc", "http://authlogic.rubyforge.org/" %></span>
15: <h1>Authlogic Example App</h1>
16: <%= pluralize User.logged_in?.count, "user" %> currently logged in<br /> <!-- This based on last_request_at, if they were active < 10 minutes they are logged in -->
17: <br />
18: <br />
19:  

    app/views/layouts/application.html.erb:16
    /usr/lib/ruby/1.8/webrick/httpserver.rb:104:in `service'
    /usr/lib/ruby/1.8/webrick/httpserver.rb:65:in `run'
    /usr/lib/ruby/1.8/webrick/server.rb:173:in `start_thread'
    /usr/lib/ruby/1.8/webrick/server.rb:162:in `start'
    /usr/lib/ruby/1.8/webrick/server.rb:162:in `start_thread'
    /usr/lib/ruby/1.8/webrick/server.rb:95:in `start'
    /usr/lib/ruby/1.8/webrick/server.rb:92:in `each'
    /usr/lib/ruby/1.8/webrick/server.rb:92:in `start'
    /usr/lib/ruby/1.8/webrick/server.rb:23:in `start'
    /usr/lib/ruby/1.8/webrick/server.rb:82:in `start'
    -e:2:in `load'
    -e:2

Rendered rescues/_trace (53.9ms)
Rendered rescues/_request_and_response (1.7ms)
Rendering rescues/layout (internal_server_error)


Processing UsersController#new (for 127.0.0.1 at 2009-12-14 10:30:45) [GET]
  Parameters: {"action"=>"new", "controller"=>"users"}
Rendering template within layouts/application
Rendering users/new
Rendered users/_form (2.1ms)
  [4;35;1mSQL (0.5ms)[0m   [0m SELECT name
 FROM sqlite_master
 WHERE type = 'table' AND NOT name = 'sqlite_sequence'
[0m

ActionView::TemplateError (undefined method `logged_in' for #<Class:0xb70e268c>) on line #16 of app/views/layouts/application.html.erb:
13: <span style="float: right; text-align: right;"><%= link_to "Source code", "http://github.com/binarylogic/authlogic_example" %> | <%= link_to "Setup tutorial", "http://www.binarylogic.com/2008/11/3/tutorial-authlogic-basic-setup" %> | <%= link_to "Password reset tutorial", "http://www.binarylogic.com/2008/11/16/tutorial-reset-passwords-with-authlogic" %><br />
14: <%= link_to "OpenID tutorial", "http://www.binarylogic.com/2008/11/21/tutorial-using-openid-with-authlogic" %> | <%= link_to "Authlogic Repo", "http://github.com/binarylogic/authlogic" %> | <%= link_to "Authlogic Doc", "http://authlogic.rubyforge.org/" %></span>
15: <h1>Authlogic Example App</h1>
16: <%= pluralize User.logged_in.count, "user" %> currently logged in<br /> <!-- This based on last_request_at, if they were active < 10 minutes they are logged in -->
17: <br />
18: <br />
19:  

    app/views/layouts/application.html.erb:16
    /usr/lib/ruby/1.8/webrick/httpserver.rb:104:in `service'
    /usr/lib/ruby/1.8/webrick/httpserver.rb:65:in `run'
    /usr/lib/ruby/1.8/webrick/server.rb:173:in `start_thread'
    /usr/lib/ruby/1.8/webrick/server.rb:162:in `start'
    /usr/lib/ruby/1.8/webrick/server.rb:162:in `start_thread'
    /usr/lib/ruby/1.8/webrick/server.rb:95:in `start'
    /usr/lib/ruby/1.8/webrick/server.rb:92:in `each'
    /usr/lib/ruby/1.8/webrick/server.rb:92:in `start'
    /usr/lib/ruby/1.8/webrick/server.rb:23:in `start'
    /usr/lib/ruby/1.8/webrick/server.rb:82:in `start'
    -e:2:in `load'
    -e:2

Rendered rescues/_trace (134.7ms)
Rendered rescues/_request_and_response (0.4ms)
Rendering rescues/layout (internal_server_error)


Processing UsersController#new (for 127.0.0.1 at 2009-12-14 10:30:46) [GET]
  Parameters: {"action"=>"new", "controller"=>"users"}
Rendering template within layouts/application
Rendering users/new
Rendered users/_form (2.0ms)
  [4;36;1mSQL (0.5ms)[0m   [0;1m SELECT name
 FROM sqlite_master
 WHERE type = 'table' AND NOT name = 'sqlite_sequence'
[0m

ActionView::TemplateError (undefined method `logged_in' for #<Class:0xb5fc55fc>) on line #16 of app/views/layouts/application.html.erb:
13: <span style="float: right; text-align: right;"><%= link_to "Source code", "http://github.com/binarylogic/authlogic_example" %> | <%= link_to "Setup tutorial", "http://www.binarylogic.com/2008/11/3/tutorial-authlogic-basic-setup" %> | <%= link_to "Password reset tutorial", "http://www.binarylogic.com/2008/11/16/tutorial-reset-passwords-with-authlogic" %><br />
14: <%= link_to "OpenID tutorial", "http://www.binarylogic.com/2008/11/21/tutorial-using-openid-with-authlogic" %> | <%= link_to "Authlogic Repo", "http://github.com/binarylogic/authlogic" %> | <%= link_to "Authlogic Doc", "http://authlogic.rubyforge.org/" %></span>
15: <h1>Authlogic Example App</h1>
16: <%= pluralize User.logged_in.count, "user" %> currently logged in<br /> <!-- This based on last_request_at, if they were active < 10 minutes they are logged in -->
17: <br />
18: <br />
19:  

    app/views/layouts/application.html.erb:16
    /usr/lib/ruby/1.8/webrick/httpserver.rb:104:in `service'
    /usr/lib/ruby/1.8/webrick/httpserver.rb:65:in `run'
    /usr/lib/ruby/1.8/webrick/server.rb:173:in `start_thread'
    /usr/lib/ruby/1.8/webrick/server.rb:162:in `start'
    /usr/lib/ruby/1.8/webrick/server.rb:162:in `start_thread'
    /usr/lib/ruby/1.8/webrick/server.rb:95:in `start'
    /usr/lib/ruby/1.8/webrick/server.rb:92:in `each'
    /usr/lib/ruby/1.8/webrick/server.rb:92:in `start'
    /usr/lib/ruby/1.8/webrick/server.rb:23:in `start'
    /usr/lib/ruby/1.8/webrick/server.rb:82:in `start'
    -e:2:in `load'
    -e:2

Rendered rescues/_trace (50.2ms)
Rendered rescues/_request_and_response (0.4ms)
Rendering rescues/layout (internal_server_error)


Processing UsersController#new (for 127.0.0.1 at 2009-12-14 10:48:55) [GET]
  Parameters: {"action"=>"new", "controller"=>"users"}
Rendering template within layouts/application
Rendering users/new
Rendered users/_form (1.9ms)
Completed in 47ms (View: 29, DB: 0) | 200 OK [http://0.0.0.0/users/new]


Processing ApplicationController#index (for 127.0.0.1 at 2009-12-14 10:48:56) [GET]

ActionController::RoutingError (No route matches "/stylesheets/scaffold.css" with {:method=>:get}):
  /usr/lib/ruby/1.8/webrick/httpserver.rb:104:in `service'
  /usr/lib/ruby/1.8/webrick/httpserver.rb:65:in `run'
  /usr/lib/ruby/1.8/webrick/server.rb:173:in `start_thread'
  /usr/lib/ruby/1.8/webrick/server.rb:162:in `start'
  /usr/lib/ruby/1.8/webrick/server.rb:162:in `start_thread'
  /usr/lib/ruby/1.8/webrick/server.rb:95:in `start'
  /usr/lib/ruby/1.8/webrick/server.rb:92:in `each'
  /usr/lib/ruby/1.8/webrick/server.rb:92:in `start'
  /usr/lib/ruby/1.8/webrick/server.rb:23:in `start'
  /usr/lib/ruby/1.8/webrick/server.rb:82:in `start'
  -e:2:in `load'
  -e:2

Rendering rescues/layout (not_found)


Processing UsersController#create (for 127.0.0.1 at 2009-12-14 10:49:12) [POST]
  Parameters: {"commit"=>"Register", "action"=>"create", "authenticity_token"=>"YKs/974V4oecZpbAdYEr9JJNLGZGzb+eIPGVwq0id8s=", "controller"=>"users", "user"=>{"password_confirmation"=>"[FILTERED]", "password"=>"[FILTERED]", "login"=>"flo"}}

NoMethodError (undefined method `persistence_token=' for #<User:0xb5fea244>):
  authlogic (2.1.3) lib/authlogic/acts_as_authentic/persistence_token.rb:50:in `reset_persistence_token'
  authlogic (2.1.3) lib/authlogic/acts_as_authentic/password.rb:188:in `after_password_set'
  authlogic (2.1.3) lib/authlogic/acts_as_authentic/password.rb:231:in `password='
  app/controllers/users_controller.rb:10:in `new'
  app/controllers/users_controller.rb:10:in `create'
  /usr/lib/ruby/1.8/webrick/httpserver.rb:104:in `service'
  /usr/lib/ruby/1.8/webrick/httpserver.rb:65:in `run'
  /usr/lib/ruby/1.8/webrick/server.rb:173:in `start_thread'
  /usr/lib/ruby/1.8/webrick/server.rb:162:in `start'
  /usr/lib/ruby/1.8/webrick/server.rb:162:in `start_thread'
  /usr/lib/ruby/1.8/webrick/server.rb:95:in `start'
  /usr/lib/ruby/1.8/webrick/server.rb:92:in `each'
  /usr/lib/ruby/1.8/webrick/server.rb:92:in `start'
  /usr/lib/ruby/1.8/webrick/server.rb:23:in `start'
  /usr/lib/ruby/1.8/webrick/server.rb:82:in `start'
  -e:2:in `load'
  -e:2

Rendered rescues/_trace (104.3ms)
Rendered rescues/_request_and_response (0.5ms)
Rendering rescues/layout (internal_server_error)
  [4;36;1mSQL (0.3ms)[0m   [0;1mselect sqlite_version(*)[0m
  [4;35;1mSQL (0.3ms)[0m   [0m SELECT name
 FROM sqlite_master
 WHERE type = 'table' AND NOT name = 'sqlite_sequence'
[0m
  [4;36;1mSQL (2.6ms)[0m   [0;1mCREATE TABLE "users" ("id" INTEGER PRIMARY KEY AUTOINCREMENT NOT NULL, "login" varchar(255), "crypted_password" varchar(255), "password_salt" varchar(255), "created_at" datetime, "updated_at" datetime) [0m
  [4;35;1mSQL (0.3ms)[0m   [0m SELECT name
 FROM sqlite_master
 WHERE type = 'table' AND NOT name = 'sqlite_sequence'
[0m
  [4;36;1mSQL (1.8ms)[0m   [0;1mCREATE TABLE "schema_migrations" ("version" varchar(255) NOT NULL) [0m
  [4;35;1mSQL (2.1ms)[0m   [0mCREATE UNIQUE INDEX "unique_schema_migrations" ON "schema_migrations" ("version")[0m
  [4;36;1mSQL (0.4ms)[0m   [0;1m SELECT name
 FROM sqlite_master
 WHERE type = 'table' AND NOT name = 'sqlite_sequence'
[0m
  [4;35;1mSQL (0.1ms)[0m   [0mSELECT version FROM "schema_migrations"[0m
  [4;36;1mSQL (1.5ms)[0m   [0;1mINSERT INTO "schema_migrations" (version) VALUES ('20091214084515')[0m


Processing UsersController#new (for 127.0.0.1 at 2009-12-14 10:50:37) [GET]
  Parameters: {"action"=>"new", "controller"=>"users"}
Rendering template within layouts/application
Rendering users/new
Rendered users/_form (4.4ms)
Completed in 64ms (View: 21, DB: 0) | 200 OK [http://0.0.0.0/users/new]


Processing ApplicationController#index (for 127.0.0.1 at 2009-12-14 10:50:38) [GET]

ActionController::RoutingError (No route matches "/stylesheets/scaffold.css" with {:method=>:get}):
  /usr/lib/ruby/1.8/webrick/httpserver.rb:104:in `service'
  /usr/lib/ruby/1.8/webrick/httpserver.rb:65:in `run'
  /usr/lib/ruby/1.8/webrick/server.rb:173:in `start_thread'
  /usr/lib/ruby/1.8/webrick/server.rb:162:in `start'
  /usr/lib/ruby/1.8/webrick/server.rb:162:in `start_thread'
  /usr/lib/ruby/1.8/webrick/server.rb:95:in `start'
  /usr/lib/ruby/1.8/webrick/server.rb:92:in `each'
  /usr/lib/ruby/1.8/webrick/server.rb:92:in `start'
  /usr/lib/ruby/1.8/webrick/server.rb:23:in `start'
  /usr/lib/ruby/1.8/webrick/server.rb:82:in `start'
  -e:2:in `load'
  -e:2

Rendering rescues/layout (not_found)


Processing UsersController#create (for 127.0.0.1 at 2009-12-14 10:50:45) [POST]
  Parameters: {"commit"=>"Register", "action"=>"create", "authenticity_token"=>"YKs/974V4oecZpbAdYEr9JJNLGZGzb+eIPGVwq0id8s=", "controller"=>"users", "user"=>{"password_confirmation"=>"[FILTERED]", "password"=>"[FILTERED]", "login"=>"flo"}}

NoMethodError (undefined method `persistence_token=' for #<User:0xb60169ac>):
  authlogic (2.1.3) lib/authlogic/acts_as_authentic/persistence_token.rb:50:in `reset_persistence_token'
  authlogic (2.1.3) lib/authlogic/acts_as_authentic/password.rb:188:in `after_password_set'
  authlogic (2.1.3) lib/authlogic/acts_as_authentic/password.rb:231:in `password='
  app/controllers/users_controller.rb:10:in `new'
  app/controllers/users_controller.rb:10:in `create'
  /usr/lib/ruby/1.8/webrick/httpserver.rb:104:in `service'
  /usr/lib/ruby/1.8/webrick/httpserver.rb:65:in `run'
  /usr/lib/ruby/1.8/webrick/server.rb:173:in `start_thread'
  /usr/lib/ruby/1.8/webrick/server.rb:162:in `start'
  /usr/lib/ruby/1.8/webrick/server.rb:162:in `start_thread'
  /usr/lib/ruby/1.8/webrick/server.rb:95:in `start'
  /usr/lib/ruby/1.8/webrick/server.rb:92:in `each'
  /usr/lib/ruby/1.8/webrick/server.rb:92:in `start'
  /usr/lib/ruby/1.8/webrick/server.rb:23:in `start'
  /usr/lib/ruby/1.8/webrick/server.rb:82:in `start'
  -e:2:in `load'
  -e:2

Rendered rescues/_trace (107.8ms)
Rendered rescues/_request_and_response (0.5ms)
Rendering rescues/layout (internal_server_error)
  [4;36;1mSQL (0.3ms)[0m   [0;1mselect sqlite_version(*)[0m
  [4;35;1mSQL (0.3ms)[0m   [0m SELECT name
 FROM sqlite_master
 WHERE type = 'table' AND NOT name = 'sqlite_sequence'
[0m
  [4;36;1mSQL (4.4ms)[0m   [0;1mCREATE TABLE "users" ("id" INTEGER PRIMARY KEY AUTOINCREMENT NOT NULL, "login" varchar(255), "crypted_password" varchar(255), "password_salt" varchar(255), "created_at" datetime, "updated_at" datetime) [0m
  [4;35;1mSQL (0.3ms)[0m   [0m SELECT name
 FROM sqlite_master
 WHERE type = 'table' AND NOT name = 'sqlite_sequence'
[0m
  [4;36;1mSQL (4.4ms)[0m   [0;1mCREATE TABLE "schema_migrations" ("version" varchar(255) NOT NULL) [0m
  [4;35;1mSQL (2.3ms)[0m   [0mCREATE UNIQUE INDEX "unique_schema_migrations" ON "schema_migrations" ("version")[0m
  [4;36;1mSQL (0.4ms)[0m   [0;1m SELECT name
 FROM sqlite_master
 WHERE type = 'table' AND NOT name = 'sqlite_sequence'
[0m
  [4;35;1mSQL (0.1ms)[0m   [0mSELECT version FROM "schema_migrations"[0m
  [4;36;1mSQL (1.5ms)[0m   [0;1mINSERT INTO "schema_migrations" (version) VALUES ('20091214084515')[0m


Processing UsersController#new (for 127.0.0.1 at 2009-12-14 11:03:25) [GET]
  Parameters: {"action"=>"new", "controller"=>"users"}
Rendering template within layouts/application
Rendering users/new
Rendered users/_form (2.9ms)
Completed in 67ms (View: 48, DB: 0) | 200 OK [http://0.0.0.0/users/new]


Processing ApplicationController#index (for 127.0.0.1 at 2009-12-14 11:03:25) [GET]

ActionController::RoutingError (No route matches "/stylesheets/scaffold.css" with {:method=>:get}):
  /usr/lib/ruby/1.8/webrick/httpserver.rb:104:in `service'
  /usr/lib/ruby/1.8/webrick/httpserver.rb:65:in `run'
  /usr/lib/ruby/1.8/webrick/server.rb:173:in `start_thread'
  /usr/lib/ruby/1.8/webrick/server.rb:162:in `start'
  /usr/lib/ruby/1.8/webrick/server.rb:162:in `start_thread'
  /usr/lib/ruby/1.8/webrick/server.rb:95:in `start'
  /usr/lib/ruby/1.8/webrick/server.rb:92:in `each'
  /usr/lib/ruby/1.8/webrick/server.rb:92:in `start'
  /usr/lib/ruby/1.8/webrick/server.rb:23:in `start'
  /usr/lib/ruby/1.8/webrick/server.rb:82:in `start'
  -e:2:in `load'
  -e:2

Rendering rescues/layout (not_found)


Processing UsersController#create (for 127.0.0.1 at 2009-12-14 11:03:32) [POST]
  Parameters: {"commit"=>"Register", "action"=>"create", "authenticity_token"=>"YKs/974V4oecZpbAdYEr9JJNLGZGzb+eIPGVwq0id8s=", "controller"=>"users", "user"=>{"password_confirmation"=>"[FILTERED]", "password"=>"[FILTERED]", "login"=>"flo"}}

NoMethodError (undefined method `persistence_token=' for #<User:0xb717d45c>):
  authlogic (2.1.3) lib/authlogic/acts_as_authentic/persistence_token.rb:50:in `reset_persistence_token'
  authlogic (2.1.3) lib/authlogic/acts_as_authentic/password.rb:188:in `after_password_set'
  authlogic (2.1.3) lib/authlogic/acts_as_authentic/password.rb:231:in `password='
  app/controllers/users_controller.rb:10:in `new'
  app/controllers/users_controller.rb:10:in `create'
  /usr/lib/ruby/1.8/webrick/httpserver.rb:104:in `service'
  /usr/lib/ruby/1.8/webrick/httpserver.rb:65:in `run'
  /usr/lib/ruby/1.8/webrick/server.rb:173:in `start_thread'
  /usr/lib/ruby/1.8/webrick/server.rb:162:in `start'
  /usr/lib/ruby/1.8/webrick/server.rb:162:in `start_thread'
  /usr/lib/ruby/1.8/webrick/server.rb:95:in `start'
  /usr/lib/ruby/1.8/webrick/server.rb:92:in `each'
  /usr/lib/ruby/1.8/webrick/server.rb:92:in `start'
  /usr/lib/ruby/1.8/webrick/server.rb:23:in `start'
  /usr/lib/ruby/1.8/webrick/server.rb:82:in `start'
  -e:2:in `load'
  -e:2

Rendered rescues/_trace (121.1ms)
Rendered rescues/_request_and_response (1.9ms)
Rendering rescues/layout (internal_server_error)
  [4;36;1mSQL (0.4ms)[0m   [0;1m SELECT name
 FROM sqlite_master
 WHERE type = 'table' AND NOT name = 'sqlite_sequence'
[0m
  [4;35;1mSQL (3.8ms)[0m   [0mselect sqlite_version(*)[0m
  [4;36;1mSQL (5.5ms)[0m   [0;1mCREATE TABLE "schema_migrations" ("version" varchar(255) NOT NULL) [0m
  [4;35;1mSQL (2.3ms)[0m   [0mCREATE UNIQUE INDEX "unique_schema_migrations" ON "schema_migrations" ("version")[0m
  [4;36;1mSQL (0.3ms)[0m   [0;1m SELECT name
 FROM sqlite_master
 WHERE type = 'table' AND NOT name = 'sqlite_sequence'
[0m
  [4;35;1mSQL (0.1ms)[0m   [0mSELECT version FROM schema_migrations[0m
Migrating to CreateUsers (20091214084515)
  [4;36;1mSQL (0.5ms)[0m   [0;1mCREATE TABLE "users" ("id" INTEGER PRIMARY KEY AUTOINCREMENT NOT NULL, "login" varchar(255), "crypted_password" varchar(255), "password_salt" varchar(255), "persistence_token" varchar(255), "created_at" datetime, "updated_at" datetime) [0m
  [4;35;1mSQL (0.1ms)[0m   [0mINSERT INTO schema_migrations (version) VALUES ('20091214084515')[0m
  [4;36;1mSQL (0.4ms)[0m   [0;1m SELECT name
 FROM sqlite_master
 WHERE type = 'table' AND NOT name = 'sqlite_sequence'
[0m
  [4;35;1mSQL (0.2ms)[0m   [0mSELECT version FROM schema_migrations[0m
  [4;36;1mSQL (0.3ms)[0m   [0;1m SELECT name
 FROM sqlite_master
 WHERE type = 'table' AND NOT name = 'sqlite_sequence'
[0m
  [4;35;1mSQL (0.1ms)[0m   [0mPRAGMA index_list("users")[0m


Processing UsersController#new (for 127.0.0.1 at 2009-12-14 11:05:36) [GET]
  Parameters: {"action"=>"new", "controller"=>"users"}
Rendering template within layouts/application
Rendering users/new
Rendered users/_form (3.1ms)
Completed in 67ms (View: 47, DB: 0) | 200 OK [http://0.0.0.0/users/new]


Processing ApplicationController#index (for 127.0.0.1 at 2009-12-14 11:05:36) [GET]

ActionController::RoutingError (No route matches "/stylesheets/scaffold.css" with {:method=>:get}):
  /usr/lib/ruby/1.8/webrick/httpserver.rb:104:in `service'
  /usr/lib/ruby/1.8/webrick/httpserver.rb:65:in `run'
  /usr/lib/ruby/1.8/webrick/server.rb:173:in `start_thread'
  /usr/lib/ruby/1.8/webrick/server.rb:162:in `start'
  /usr/lib/ruby/1.8/webrick/server.rb:162:in `start_thread'
  /usr/lib/ruby/1.8/webrick/server.rb:95:in `start'
  /usr/lib/ruby/1.8/webrick/server.rb:92:in `each'
  /usr/lib/ruby/1.8/webrick/server.rb:92:in `start'
  /usr/lib/ruby/1.8/webrick/server.rb:23:in `start'
  /usr/lib/ruby/1.8/webrick/server.rb:82:in `start'
  -e:2:in `load'
  -e:2

Rendering rescues/layout (not_found)


Processing UsersController#create (for 127.0.0.1 at 2009-12-14 11:05:43) [POST]
  Parameters: {"commit"=>"Register", "action"=>"create", "authenticity_token"=>"YKs/974V4oecZpbAdYEr9JJNLGZGzb+eIPGVwq0id8s=", "controller"=>"users", "user"=>{"password_confirmation"=>"[FILTERED]", "password"=>"[FILTERED]", "login"=>"flo"}}
  [4;36;1mUser Load (0.3ms)[0m   [0;1mSELECT "users".id FROM "users" WHERE (LOWER("users"."login") = 'flo') LIMIT 1[0m
  [4;35;1mUser Load (0.1ms)[0m   [0mSELECT "users".id FROM "users" WHERE ("users"."persistence_token" = '4fd1c40b465a3a2eff62cafee0bfd1a1870fc21275cf5970176c75aff13d8c7d9f7202ecdb13cf91c100631fb31d618a505f78c6983056bd2ab26bd40806093f') LIMIT 1[0m
Rendering template within layouts/application
Rendering users/new
Rendered users/_form (102.5ms)
Completed in 431ms (View: 116, DB: 0) | 200 OK [http://0.0.0.0/account]


Processing ApplicationController#index (for 127.0.0.1 at 2009-12-14 11:05:43) [GET]

ActionController::RoutingError (No route matches "/stylesheets/scaffold.css" with {:method=>:get}):
  /usr/lib/ruby/1.8/webrick/httpserver.rb:104:in `service'
  /usr/lib/ruby/1.8/webrick/httpserver.rb:65:in `run'
  /usr/lib/ruby/1.8/webrick/server.rb:173:in `start_thread'
  /usr/lib/ruby/1.8/webrick/server.rb:162:in `start'
  /usr/lib/ruby/1.8/webrick/server.rb:162:in `start_thread'
  /usr/lib/ruby/1.8/webrick/server.rb:95:in `start'
  /usr/lib/ruby/1.8/webrick/server.rb:92:in `each'
  /usr/lib/ruby/1.8/webrick/server.rb:92:in `start'
  /usr/lib/ruby/1.8/webrick/server.rb:23:in `start'
  /usr/lib/ruby/1.8/webrick/server.rb:82:in `start'
  -e:2:in `load'
  -e:2

Rendering rescues/layout (not_found)


Processing UsersController#create (for 127.0.0.1 at 2009-12-14 11:05:54) [POST]
  Parameters: {"commit"=>"Register", "action"=>"create", "authenticity_token"=>"YKs/974V4oecZpbAdYEr9JJNLGZGzb+eIPGVwq0id8s=", "controller"=>"users", "user"=>{"password_confirmation"=>"[FILTERED]", "password"=>"[FILTERED]", "login"=>"flo"}}
  [4;36;1mUser Load (0.2ms)[0m   [0;1mSELECT "users".id FROM "users" WHERE (LOWER("users"."login") = 'flo') LIMIT 1[0m
  [4;35;1mUser Load (0.1ms)[0m   [0mSELECT "users".id FROM "users" WHERE ("users"."persistence_token" = 'f76c16991c85bfc40c006a417064e74c0b51ddc4bbee94dd2e44b738c653cb7035abb1212bcd004df273a947f222bd6979a31b7765949ec38a7dd36346572d56') LIMIT 1[0m
  [4;36;1mUser Create (1.2ms)[0m   [0;1mINSERT INTO "users" ("created_at", "crypted_password", "updated_at", "password_salt", "persistence_token", "login") VALUES('2009-12-14 10:05:54', 'c11d5db073ea458d009de321558a639ec92866522fc4c36d65f3881162ed380388716fc70a3598ef2c3ebdc5ea5cf9b431d2866a53287e02586daaea1314a810', '2009-12-14 10:05:54', 'cvGQpLRc0D6jeobBN4L_', 'f76c16991c85bfc40c006a417064e74c0b51ddc4bbee94dd2e44b738c653cb7035abb1212bcd004df273a947f222bd6979a31b7765949ec38a7dd36346572d56', 'flo')[0m
Redirected to http://0.0.0.0:3000/account
Completed in 97ms (DB: 2) | 302 Found [http://0.0.0.0/account]


Processing UsersController#show (for 127.0.0.1 at 2009-12-14 11:05:54) [GET]
  Parameters: {"action"=>"show", "controller"=>"users"}
  [4;35;1mUser Load (0.6ms)[0m   [0mSELECT * FROM "users" WHERE ("users"."persistence_token" = 'f76c16991c85bfc40c006a417064e74c0b51ddc4bbee94dd2e44b738c653cb7035abb1212bcd004df273a947f222bd6979a31b7765949ec38a7dd36346572d56') LIMIT 1[0m
Rendering template within layouts/application
Rendering users/show

ActionView::TemplateError (undefined method `login_count' for #<User:0xb5e520e4>) on line #8 of app/views/users/show.html.erb:
5:  
6: <p>
7:   <b>Login count:</b>
8:   <%=h @user.login_count %>
9: </p>
10:  
11: <p>

    app/views/users/show.html.erb:8
    /usr/lib/ruby/1.8/webrick/httpserver.rb:104:in `service'
    /usr/lib/ruby/1.8/webrick/httpserver.rb:65:in `run'
    /usr/lib/ruby/1.8/webrick/server.rb:173:in `start_thread'
    /usr/lib/ruby/1.8/webrick/server.rb:162:in `start'
    /usr/lib/ruby/1.8/webrick/server.rb:162:in `start_thread'
    /usr/lib/ruby/1.8/webrick/server.rb:95:in `start'
    /usr/lib/ruby/1.8/webrick/server.rb:92:in `each'
    /usr/lib/ruby/1.8/webrick/server.rb:92:in `start'
    /usr/lib/ruby/1.8/webrick/server.rb:23:in `start'
    /usr/lib/ruby/1.8/webrick/server.rb:82:in `start'
    -e:2:in `load'
    -e:2

Rendered rescues/_trace (188.1ms)
Rendered rescues/_request_and_response (1.8ms)
Rendering rescues/layout (internal_server_error)


Processing UsersController#show (for 127.0.0.1 at 2009-12-14 11:07:07) [GET]
  Parameters: {"action"=>"show", "controller"=>"users"}
  [4;36;1mUser Load (0.5ms)[0m   [0;1mSELECT * FROM "users" WHERE ("users"."persistence_token" = 'f76c16991c85bfc40c006a417064e74c0b51ddc4bbee94dd2e44b738c653cb7035abb1212bcd004df273a947f222bd6979a31b7765949ec38a7dd36346572d56') LIMIT 1[0m
Rendering template within layouts/application
Rendering users/show
Completed in 45ms (View: 15, DB: 1) | 200 OK [http://0.0.0.0/account]


Processing ApplicationController#index (for 127.0.0.1 at 2009-12-14 11:07:07) [GET]

ActionController::RoutingError (No route matches "/stylesheets/scaffold.css" with {:method=>:get}):
  /usr/lib/ruby/1.8/webrick/httpserver.rb:104:in `service'
  /usr/lib/ruby/1.8/webrick/httpserver.rb:65:in `run'
  /usr/lib/ruby/1.8/webrick/server.rb:173:in `start_thread'
  /usr/lib/ruby/1.8/webrick/server.rb:162:in `start'
  /usr/lib/ruby/1.8/webrick/server.rb:162:in `start_thread'
  /usr/lib/ruby/1.8/webrick/server.rb:95:in `start'
  /usr/lib/ruby/1.8/webrick/server.rb:92:in `each'
  /usr/lib/ruby/1.8/webrick/server.rb:92:in `start'
  /usr/lib/ruby/1.8/webrick/server.rb:23:in `start'
  /usr/lib/ruby/1.8/webrick/server.rb:82:in `start'
  -e:2:in `load'
  -e:2

Rendering rescues/layout (not_found)


Processing UsersController#show (for 127.0.0.1 at 2009-12-14 11:10:18) [GET]
  Parameters: {"action"=>"show", "controller"=>"users"}
  [4;35;1mUser Load (0.5ms)[0m   [0mSELECT * FROM "users" WHERE ("users"."persistence_token" = 'f76c16991c85bfc40c006a417064e74c0b51ddc4bbee94dd2e44b738c653cb7035abb1212bcd004df273a947f222bd6979a31b7765949ec38a7dd36346572d56') LIMIT 1[0m
Rendering template within layouts/application
Rendering users/show
Completed in 40ms (View: 15, DB: 1) | 200 OK [http://0.0.0.0/account]


Processing ApplicationController#index (for 127.0.0.1 at 2009-12-14 11:10:18) [GET]

ActionController::RoutingError (No route matches "/stylesheets/scaffold.css" with {:method=>:get}):
  /usr/lib/ruby/1.8/webrick/httpserver.rb:104:in `service'
  /usr/lib/ruby/1.8/webrick/httpserver.rb:65:in `run'
  /usr/lib/ruby/1.8/webrick/server.rb:173:in `start_thread'
  /usr/lib/ruby/1.8/webrick/server.rb:162:in `start'
  /usr/lib/ruby/1.8/webrick/server.rb:162:in `start_thread'
  /usr/lib/ruby/1.8/webrick/server.rb:95:in `start'
  /usr/lib/ruby/1.8/webrick/server.rb:92:in `each'
  /usr/lib/ruby/1.8/webrick/server.rb:92:in `start'
  /usr/lib/ruby/1.8/webrick/server.rb:23:in `start'
  /usr/lib/ruby/1.8/webrick/server.rb:82:in `start'
  -e:2:in `load'
  -e:2

Rendering rescues/layout (not_found)


Processing UsersController#edit (for 127.0.0.1 at 2009-12-14 11:10:24) [GET]
  Parameters: {"action"=>"edit", "controller"=>"users"}
  [4;36;1mUser Load (0.6ms)[0m   [0;1mSELECT * FROM "users" WHERE ("users"."persistence_token" = 'f76c16991c85bfc40c006a417064e74c0b51ddc4bbee94dd2e44b738c653cb7035abb1212bcd004df273a947f222bd6979a31b7765949ec38a7dd36346572d56') LIMIT 1[0m
Rendering template within layouts/application
Rendering users/edit
Rendered users/_form (2.1ms)
Completed in 53ms (View: 23, DB: 1) | 200 OK [http://0.0.0.0/account/edit]


Processing ApplicationController#index (for 127.0.0.1 at 2009-12-14 11:10:24) [GET]

ActionController::RoutingError (No route matches "/stylesheets/scaffold.css" with {:method=>:get}):
  /usr/lib/ruby/1.8/webrick/httpserver.rb:104:in `service'
  /usr/lib/ruby/1.8/webrick/httpserver.rb:65:in `run'
  /usr/lib/ruby/1.8/webrick/server.rb:173:in `start_thread'
  /usr/lib/ruby/1.8/webrick/server.rb:162:in `start'
  /usr/lib/ruby/1.8/webrick/server.rb:162:in `start_thread'
  /usr/lib/ruby/1.8/webrick/server.rb:95:in `start'
  /usr/lib/ruby/1.8/webrick/server.rb:92:in `each'
  /usr/lib/ruby/1.8/webrick/server.rb:92:in `start'
  /usr/lib/ruby/1.8/webrick/server.rb:23:in `start'
  /usr/lib/ruby/1.8/webrick/server.rb:82:in `start'
  -e:2:in `load'
  -e:2

Rendering rescues/layout (not_found)


Processing UsersController#update (for 127.0.0.1 at 2009-12-14 11:10:31) [PUT]
  Parameters: {"commit"=>"Update", "action"=>"update", "_method"=>"put", "authenticity_token"=>"YKs/974V4oecZpbAdYEr9JJNLGZGzb+eIPGVwq0id8s=", "controller"=>"users", "user"=>{"password_confirmation"=>"[FILTERED]", "password"=>"[FILTERED]", "login"=>"flo"}}
  [4;35;1mUser Load (0.6ms)[0m   [0mSELECT * FROM "users" WHERE ("users"."persistence_token" = 'f76c16991c85bfc40c006a417064e74c0b51ddc4bbee94dd2e44b738c653cb7035abb1212bcd004df273a947f222bd6979a31b7765949ec38a7dd36346572d56') LIMIT 1[0m
  [4;36;1mUser Load (0.2ms)[0m   [0;1mSELECT "users".id FROM "users" WHERE ("users"."persistence_token" = '05e9f9849196a2320d7c960dc2af71da8e599f0dfd1468ce7d3cdd295dd62c56873248050074dc64051f1472ed0987058a0fe2a834b62334ff015d687bb76525' AND "users".id <> 1) LIMIT 1[0m
  [4;35;1mCACHE (0.0ms)[0m   [0mSELECT * FROM "users" WHERE ("users"."persistence_token" = 'f76c16991c85bfc40c006a417064e74c0b51ddc4bbee94dd2e44b738c653cb7035abb1212bcd004df273a947f222bd6979a31b7765949ec38a7dd36346572d56') LIMIT 1[0m
  [4;36;1mUser Update (0.3ms)[0m   [0;1mUPDATE "users" SET "persistence_token" = '05e9f9849196a2320d7c960dc2af71da8e599f0dfd1468ce7d3cdd295dd62c56873248050074dc64051f1472ed0987058a0fe2a834b62334ff015d687bb76525', "updated_at" = '2009-12-14 10:10:31', "password_salt" = 'c9bVnn9yjQdPs54oCM9L', "crypted_password" = '1d1717abcf87ede2f821c662d04ed6678c8afc8dd7b8c7d18c17f9c0d85ab4e48102c70833a2272fd6af886f911194810271393123b7d216fdcff22d20e84f66' WHERE "id" = 1[0m
Redirected to http://0.0.0.0:3000/account
Completed in 90ms (DB: 1) | 302 Found [http://0.0.0.0/account]


Processing UsersController#show (for 127.0.0.1 at 2009-12-14 11:10:32) [GET]
  Parameters: {"action"=>"show", "controller"=>"users"}
  [4;35;1mUser Load (0.6ms)[0m   [0mSELECT * FROM "users" WHERE ("users"."id" = '1') LIMIT 1[0m
Rendering template within layouts/application
Rendering users/show
Completed in 34ms (View: 7, DB: 1) | 200 OK [http://0.0.0.0/account]


Processing ApplicationController#index (for 127.0.0.1 at 2009-12-14 11:10:32) [GET]

ActionController::RoutingError (No route matches "/stylesheets/scaffold.css" with {:method=>:get}):
  /usr/lib/ruby/1.8/webrick/httpserver.rb:104:in `service'
  /usr/lib/ruby/1.8/webrick/httpserver.rb:65:in `run'
  /usr/lib/ruby/1.8/webrick/server.rb:173:in `start_thread'
  /usr/lib/ruby/1.8/webrick/server.rb:162:in `start'
  /usr/lib/ruby/1.8/webrick/server.rb:162:in `start_thread'
  /usr/lib/ruby/1.8/webrick/server.rb:95:in `start'
  /usr/lib/ruby/1.8/webrick/server.rb:92:in `each'
  /usr/lib/ruby/1.8/webrick/server.rb:92:in `start'
  /usr/lib/ruby/1.8/webrick/server.rb:23:in `start'
  /usr/lib/ruby/1.8/webrick/server.rb:82:in `start'
  -e:2:in `load'
  -e:2

Rendering rescues/layout (not_found)


Processing UserSessionsController#destroy (for 127.0.0.1 at 2009-12-14 11:12:09) [DELETE]
  Parameters: {"action"=>"destroy", "_method"=>"delete", "authenticity_token"=>"YKs/974V4oecZpbAdYEr9JJNLGZGzb+eIPGVwq0id8s=", "controller"=>"user_sessions"}
  [4;36;1mUser Load (0.6ms)[0m   [0;1mSELECT * FROM "users" WHERE ("users"."id" = '1') LIMIT 1[0m
Redirected to http://0.0.0.0:3000/user_session/new
Completed in 70ms (DB: 1) | 302 Found [http://0.0.0.0/user_session]


Processing UserSessionsController#new (for 127.0.0.1 at 2009-12-14 11:12:09) [GET]
  Parameters: {"action"=>"new", "controller"=>"user_sessions"}

ActionView::MissingTemplate (Missing template user_sessions/new.erb in view path app/views):
  /usr/lib/ruby/1.8/webrick/httpserver.rb:104:in `service'
  /usr/lib/ruby/1.8/webrick/httpserver.rb:65:in `run'
  /usr/lib/ruby/1.8/webrick/server.rb:173:in `start_thread'
  /usr/lib/ruby/1.8/webrick/server.rb:162:in `start'
  /usr/lib/ruby/1.8/webrick/server.rb:162:in `start_thread'
  /usr/lib/ruby/1.8/webrick/server.rb:95:in `start'
  /usr/lib/ruby/1.8/webrick/server.rb:92:in `each'
  /usr/lib/ruby/1.8/webrick/server.rb:92:in `start'
  /usr/lib/ruby/1.8/webrick/server.rb:23:in `start'
  /usr/lib/ruby/1.8/webrick/server.rb:82:in `start'
  -e:2:in `load'
  -e:2

Rendering rescues/layout (internal_server_error)


Processing UserSessionsController#new (for 127.0.0.1 at 2009-12-14 11:15:25) [GET]
  Parameters: {"action"=>"new", "controller"=>"user_sessions"}
Rendering template within layouts/application
Rendering user_sessions/new
Completed in 38ms (View: 17, DB: 0) | 200 OK [http://0.0.0.0/user_session/new]


Processing ApplicationController#index (for 127.0.0.1 at 2009-12-14 11:15:25) [GET]

ActionController::RoutingError (No route matches "/stylesheets/scaffold.css" with {:method=>:get}):
  /usr/lib/ruby/1.8/webrick/httpserver.rb:104:in `service'
  /usr/lib/ruby/1.8/webrick/httpserver.rb:65:in `run'
  /usr/lib/ruby/1.8/webrick/server.rb:173:in `start_thread'
  /usr/lib/ruby/1.8/webrick/server.rb:162:in `start'
  /usr/lib/ruby/1.8/webrick/server.rb:162:in `start_thread'
  /usr/lib/ruby/1.8/webrick/server.rb:95:in `start'
  /usr/lib/ruby/1.8/webrick/server.rb:92:in `each'
  /usr/lib/ruby/1.8/webrick/server.rb:92:in `start'
  /usr/lib/ruby/1.8/webrick/server.rb:23:in `start'
  /usr/lib/ruby/1.8/webrick/server.rb:82:in `start'
  -e:2:in `load'
  -e:2

Rendering rescues/layout (not_found)


Processing UserSessionsController#create (for 127.0.0.1 at 2009-12-14 11:15:31) [POST]
  Parameters: {"commit"=>"Login", "user_session"=>{"remember_me"=>"0", "password"=>"[FILTERED]", "login"=>"flo"}, "action"=>"create", "authenticity_token"=>"YKs/974V4oecZpbAdYEr9JJNLGZGzb+eIPGVwq0id8s=", "controller"=>"user_sessions"}
  [4;35;1mUser Load (0.6ms)[0m   [0mSELECT * FROM "users" WHERE (LOWER("users".login) = 'flo') LIMIT 1[0m
Rendering template within layouts/application
Rendering user_sessions/new
Completed in 93ms (View: 31, DB: 1) | 200 OK [http://0.0.0.0/user_session]


Processing ApplicationController#index (for 127.0.0.1 at 2009-12-14 11:15:31) [GET]

ActionController::RoutingError (No route matches "/stylesheets/scaffold.css" with {:method=>:get}):
  /usr/lib/ruby/1.8/webrick/httpserver.rb:104:in `service'
  /usr/lib/ruby/1.8/webrick/httpserver.rb:65:in `run'
  /usr/lib/ruby/1.8/webrick/server.rb:173:in `start_thread'
  /usr/lib/ruby/1.8/webrick/server.rb:162:in `start'
  /usr/lib/ruby/1.8/webrick/server.rb:162:in `start_thread'
  /usr/lib/ruby/1.8/webrick/server.rb:95:in `start'
  /usr/lib/ruby/1.8/webrick/server.rb:92:in `each'
  /usr/lib/ruby/1.8/webrick/server.rb:92:in `start'
  /usr/lib/ruby/1.8/webrick/server.rb:23:in `start'
  /usr/lib/ruby/1.8/webrick/server.rb:82:in `start'
  -e:2:in `load'
  -e:2

Rendering rescues/layout (not_found)


Processing UserSessionsController#create (for 127.0.0.1 at 2009-12-14 11:15:35) [POST]
  Parameters: {"commit"=>"Login", "user_session"=>{"remember_me"=>"0", "password"=>"[FILTERED]", "login"=>"flo"}, "action"=>"create", "authenticity_token"=>"YKs/974V4oecZpbAdYEr9JJNLGZGzb+eIPGVwq0id8s=", "controller"=>"user_sessions"}
  [4;36;1mUser Load (0.6ms)[0m   [0;1mSELECT * FROM "users" WHERE (LOWER("users".login) = 'flo') LIMIT 1[0m
Redirected to http://0.0.0.0:3000/account
Completed in 65ms (DB: 1) | 302 Found [http://0.0.0.0/user_session]


Processing UsersController#show (for 127.0.0.1 at 2009-12-14 11:15:35) [GET]
  Parameters: {"action"=>"show", "controller"=>"users"}
  [4;35;1mUser Load (0.5ms)[0m   [0mSELECT * FROM "users" WHERE ("users"."id" = '1') LIMIT 1[0m
Rendering template within layouts/application
Rendering users/show
Completed in 37ms (View: 8, DB: 1) | 200 OK [http://0.0.0.0/account]


Processing ApplicationController#index (for 127.0.0.1 at 2009-12-14 11:15:35) [GET]

ActionController::RoutingError (No route matches "/stylesheets/scaffold.css" with {:method=>:get}):
  /usr/lib/ruby/1.8/webrick/httpserver.rb:104:in `service'
  /usr/lib/ruby/1.8/webrick/httpserver.rb:65:in `run'
  /usr/lib/ruby/1.8/webrick/server.rb:173:in `start_thread'
  /usr/lib/ruby/1.8/webrick/server.rb:162:in `start'
  /usr/lib/ruby/1.8/webrick/server.rb:162:in `start_thread'
  /usr/lib/ruby/1.8/webrick/server.rb:95:in `start'
  /usr/lib/ruby/1.8/webrick/server.rb:92:in `each'
  /usr/lib/ruby/1.8/webrick/server.rb:92:in `start'
  /usr/lib/ruby/1.8/webrick/server.rb:23:in `start'
  /usr/lib/ruby/1.8/webrick/server.rb:82:in `start'
  -e:2:in `load'
  -e:2

Rendering rescues/layout (not_found)


Processing UsersController#show (for 127.0.0.1 at 2009-12-14 11:15:38) [GET]
  Parameters: {"action"=>"show", "controller"=>"users"}
  [4;36;1mUser Load (0.5ms)[0m   [0;1mSELECT * FROM "users" WHERE ("users"."id" = '1') LIMIT 1[0m
Rendering template within layouts/application
Rendering users/show
Completed in 38ms (View: 7, DB: 1) | 200 OK [http://0.0.0.0/account]


Processing ApplicationController#index (for 127.0.0.1 at 2009-12-14 11:15:38) [GET]

ActionController::RoutingError (No route matches "/stylesheets/scaffold.css" with {:method=>:get}):
  /usr/lib/ruby/1.8/webrick/httpserver.rb:104:in `service'
  /usr/lib/ruby/1.8/webrick/httpserver.rb:65:in `run'
  /usr/lib/ruby/1.8/webrick/server.rb:173:in `start_thread'
  /usr/lib/ruby/1.8/webrick/server.rb:162:in `start'
  /usr/lib/ruby/1.8/webrick/server.rb:162:in `start_thread'
  /usr/lib/ruby/1.8/webrick/server.rb:95:in `start'
  /usr/lib/ruby/1.8/webrick/server.rb:92:in `each'
  /usr/lib/ruby/1.8/webrick/server.rb:92:in `start'
  /usr/lib/ruby/1.8/webrick/server.rb:23:in `start'
  /usr/lib/ruby/1.8/webrick/server.rb:82:in `start'
  -e:2:in `load'
  -e:2

Rendering rescues/layout (not_found)


Processing UsersController#edit (for 127.0.0.1 at 2009-12-14 11:15:41) [GET]
  Parameters: {"action"=>"edit", "controller"=>"users"}
  [4;35;1mUser Load (0.5ms)[0m   [0mSELECT * FROM "users" WHERE ("users"."id" = '1') LIMIT 1[0m
Rendering template within layouts/application
Rendering users/edit
Rendered users/_form (5.2ms)
Completed in 39ms (View: 15, DB: 1) | 200 OK [http://0.0.0.0/account/edit]


Processing ApplicationController#index (for 127.0.0.1 at 2009-12-14 11:15:41) [GET]

ActionController::RoutingError (No route matches "/stylesheets/scaffold.css" with {:method=>:get}):
  /usr/lib/ruby/1.8/webrick/httpserver.rb:104:in `service'
  /usr/lib/ruby/1.8/webrick/httpserver.rb:65:in `run'
  /usr/lib/ruby/1.8/webrick/server.rb:173:in `start_thread'
  /usr/lib/ruby/1.8/webrick/server.rb:162:in `start'
  /usr/lib/ruby/1.8/webrick/server.rb:162:in `start_thread'
  /usr/lib/ruby/1.8/webrick/server.rb:95:in `start'
  /usr/lib/ruby/1.8/webrick/server.rb:92:in `each'
  /usr/lib/ruby/1.8/webrick/server.rb:92:in `start'
  /usr/lib/ruby/1.8/webrick/server.rb:23:in `start'
  /usr/lib/ruby/1.8/webrick/server.rb:82:in `start'
  -e:2:in `load'
  -e:2

Rendering rescues/layout (not_found)


Processing UsersController#update (for 127.0.0.1 at 2009-12-14 11:15:47) [PUT]
  Parameters: {"commit"=>"Update", "action"=>"update", "_method"=>"put", "authenticity_token"=>"YKs/974V4oecZpbAdYEr9JJNLGZGzb+eIPGVwq0id8s=", "controller"=>"users", "user"=>{"password_confirmation"=>"[FILTERED]", "password"=>"[FILTERED]", "login"=>"flo"}}
  [4;36;1mUser Load (0.5ms)[0m   [0;1mSELECT * FROM "users" WHERE ("users"."id" = '1') LIMIT 1[0m
  [4;35;1mUser Load (0.2ms)[0m   [0mSELECT "users".id FROM "users" WHERE ("users"."persistence_token" = 'ef7103bc2c0c5977925514426b10a9b2e5c7de4d66d6888cdc4e603e9d8fd09c326507d130180e097f3f5a9ee74cd2b65f9d7845a67b4aa917de42ffda1cb90f' AND "users".id <> 1) LIMIT 1[0m
  [4;36;1mCACHE (0.0ms)[0m   [0;1mSELECT * FROM "users" WHERE ("users"."id" = '1') LIMIT 1[0m
  [4;35;1mUser Update (0.4ms)[0m   [0mUPDATE "users" SET "persistence_token" = 'ef7103bc2c0c5977925514426b10a9b2e5c7de4d66d6888cdc4e603e9d8fd09c326507d130180e097f3f5a9ee74cd2b65f9d7845a67b4aa917de42ffda1cb90f', "updated_at" = '2009-12-14 10:15:47', "password_salt" = 'j3q9zsu9vkLpxjlIR3CW', "crypted_password" = '9a85342e2c6744b6f30ef5ed75b10bf0972a480d5c7ee446cc050703ebafc065cd3cae8c318841bb7e5b198c79c944909959b4f9c4ac84ec58f06d26c1690ed3' WHERE "id" = 1[0m
Redirected to http://0.0.0.0:3000/account
Completed in 103ms (DB: 1) | 302 Found [http://0.0.0.0/account]


Processing UsersController#show (for 127.0.0.1 at 2009-12-14 11:15:47) [GET]
  Parameters: {"action"=>"show", "controller"=>"users"}
  [4;36;1mUser Load (2.5ms)[0m   [0;1mSELECT * FROM "users" WHERE ("users"."id" = '1') LIMIT 1[0m
Rendering template within layouts/application
Rendering users/show
Completed in 130ms (View: 8, DB: 3) | 200 OK [http://0.0.0.0/account]


Processing ApplicationController#index (for 127.0.0.1 at 2009-12-14 11:15:47) [GET]

ActionController::RoutingError (No route matches "/stylesheets/scaffold.css" with {:method=>:get}):
  /usr/lib/ruby/1.8/webrick/httpserver.rb:104:in `service'
  /usr/lib/ruby/1.8/webrick/httpserver.rb:65:in `run'
  /usr/lib/ruby/1.8/webrick/server.rb:173:in `start_thread'
  /usr/lib/ruby/1.8/webrick/server.rb:162:in `start'
  /usr/lib/ruby/1.8/webrick/server.rb:162:in `start_thread'
  /usr/lib/ruby/1.8/webrick/server.rb:95:in `start'
  /usr/lib/ruby/1.8/webrick/server.rb:92:in `each'
  /usr/lib/ruby/1.8/webrick/server.rb:92:in `start'
  /usr/lib/ruby/1.8/webrick/server.rb:23:in `start'
  /usr/lib/ruby/1.8/webrick/server.rb:82:in `start'
  -e:2:in `load'
  -e:2

Rendering rescues/layout (not_found)


Processing UsersController#edit (for 127.0.0.1 at 2009-12-14 11:15:49) [GET]
  Parameters: {"action"=>"edit", "controller"=>"users"}
  [4;35;1mUser Load (0.5ms)[0m   [0mSELECT * FROM "users" WHERE ("users"."id" = '1') LIMIT 1[0m
Rendering template within layouts/application
Rendering users/edit
Rendered users/_form (1.9ms)
Completed in 38ms (View: 11, DB: 1) | 200 OK [http://0.0.0.0/account/edit]


Processing ApplicationController#index (for 127.0.0.1 at 2009-12-14 11:15:49) [GET]

ActionController::RoutingError (No route matches "/stylesheets/scaffold.css" with {:method=>:get}):
  /usr/lib/ruby/1.8/webrick/httpserver.rb:104:in `service'
  /usr/lib/ruby/1.8/webrick/httpserver.rb:65:in `run'
  /usr/lib/ruby/1.8/webrick/server.rb:173:in `start_thread'
  /usr/lib/ruby/1.8/webrick/server.rb:162:in `start'
  /usr/lib/ruby/1.8/webrick/server.rb:162:in `start_thread'
  /usr/lib/ruby/1.8/webrick/server.rb:95:in `start'
  /usr/lib/ruby/1.8/webrick/server.rb:92:in `each'
  /usr/lib/ruby/1.8/webrick/server.rb:92:in `start'
  /usr/lib/ruby/1.8/webrick/server.rb:23:in `start'
  /usr/lib/ruby/1.8/webrick/server.rb:82:in `start'
  -e:2:in `load'
  -e:2

Rendering rescues/layout (not_found)


Processing UserSessionsController#destroy (for 127.0.0.1 at 2009-12-14 11:15:51) [DELETE]
  Parameters: {"action"=>"destroy", "_method"=>"delete", "authenticity_token"=>"YKs/974V4oecZpbAdYEr9JJNLGZGzb+eIPGVwq0id8s=", "controller"=>"user_sessions"}
  [4;36;1mUser Load (0.5ms)[0m   [0;1mSELECT * FROM "users" WHERE ("users"."id" = '1') LIMIT 1[0m
Redirected to http://0.0.0.0:3000/user_session/new
Completed in 79ms (DB: 1) | 302 Found [http://0.0.0.0/user_session]


Processing UserSessionsController#new (for 127.0.0.1 at 2009-12-14 11:15:52) [GET]
  Parameters: {"action"=>"new", "controller"=>"user_sessions"}
Rendering template within layouts/application
Rendering user_sessions/new
Completed in 161ms (View: 13, DB: 0) | 200 OK [http://0.0.0.0/user_session/new]


Processing ApplicationController#index (for 127.0.0.1 at 2009-12-14 11:15:52) [GET]

ActionController::RoutingError (No route matches "/stylesheets/scaffold.css" with {:method=>:get}):
  /usr/lib/ruby/1.8/webrick/httpserver.rb:104:in `service'
  /usr/lib/ruby/1.8/webrick/httpserver.rb:65:in `run'
  /usr/lib/ruby/1.8/webrick/server.rb:173:in `start_thread'
  /usr/lib/ruby/1.8/webrick/server.rb:162:in `start'
  /usr/lib/ruby/1.8/webrick/server.rb:162:in `start_thread'
  /usr/lib/ruby/1.8/webrick/server.rb:95:in `start'
  /usr/lib/ruby/1.8/webrick/server.rb:92:in `each'
  /usr/lib/ruby/1.8/webrick/server.rb:92:in `start'
  /usr/lib/ruby/1.8/webrick/server.rb:23:in `start'
  /usr/lib/ruby/1.8/webrick/server.rb:82:in `start'
  -e:2:in `load'
  -e:2

Rendering rescues/layout (not_found)


Processing UserSessionsController#create (for 127.0.0.1 at 2009-12-14 11:16:08) [POST]
  Parameters: {"commit"=>"Login", "user_session"=>{"remember_me"=>"1", "password"=>"[FILTERED]", "login"=>"flo"}, "action"=>"create", "authenticity_token"=>"YKs/974V4oecZpbAdYEr9JJNLGZGzb+eIPGVwq0id8s=", "controller"=>"user_sessions"}
  [4;35;1mUser Load (0.6ms)[0m   [0mSELECT * FROM "users" WHERE (LOWER("users".login) = 'flo') LIMIT 1[0m
Redirected to http://0.0.0.0:3000/account
Completed in 212ms (DB: 1) | 302 Found [http://0.0.0.0/user_session]


Processing UsersController#show (for 127.0.0.1 at 2009-12-14 11:16:08) [GET]
  Parameters: {"action"=>"show", "controller"=>"users"}
  [4;36;1mUser Load (0.5ms)[0m   [0;1mSELECT * FROM "users" WHERE ("users"."id" = '1') LIMIT 1[0m
Rendering template within layouts/application
Rendering users/show
Completed in 65ms (View: 23, DB: 1) | 200 OK [http://0.0.0.0/account]


Processing ApplicationController#index (for 127.0.0.1 at 2009-12-14 11:16:08) [GET]

ActionController::RoutingError (No route matches "/stylesheets/scaffold.css" with {:method=>:get}):
  /usr/lib/ruby/1.8/webrick/httpserver.rb:104:in `service'
  /usr/lib/ruby/1.8/webrick/httpserver.rb:65:in `run'
  /usr/lib/ruby/1.8/webrick/server.rb:173:in `start_thread'
  /usr/lib/ruby/1.8/webrick/server.rb:162:in `start'
  /usr/lib/ruby/1.8/webrick/server.rb:162:in `start_thread'
  /usr/lib/ruby/1.8/webrick/server.rb:95:in `start'
  /usr/lib/ruby/1.8/webrick/server.rb:92:in `each'
  /usr/lib/ruby/1.8/webrick/server.rb:92:in `start'
  /usr/lib/ruby/1.8/webrick/server.rb:23:in `start'
  /usr/lib/ruby/1.8/webrick/server.rb:82:in `start'
  -e:2:in `load'
  -e:2

Rendering rescues/layout (not_found)


Processing UsersController#show (for 127.0.0.1 at 2009-12-14 11:16:26) [GET]
  Parameters: {"action"=>"show", "controller"=>"users"}
  [4;35;1mUser Load (0.5ms)[0m   [0mSELECT * FROM "users" WHERE ("users"."id" = '1') LIMIT 1[0m
Rendering template within layouts/application
Rendering users/show
Completed in 58ms (View: 7, DB: 1) | 200 OK [http://0.0.0.0/account]


Processing ApplicationController#index (for 127.0.0.1 at 2009-12-14 11:16:26) [GET]

ActionController::RoutingError (No route matches "/stylesheets/scaffold.css" with {:method=>:get}):
  /usr/lib/ruby/1.8/webrick/httpserver.rb:104:in `service'
  /usr/lib/ruby/1.8/webrick/httpserver.rb:65:in `run'
  /usr/lib/ruby/1.8/webrick/server.rb:173:in `start_thread'
  /usr/lib/ruby/1.8/webrick/server.rb:162:in `start'
  /usr/lib/ruby/1.8/webrick/server.rb:162:in `start_thread'
  /usr/lib/ruby/1.8/webrick/server.rb:95:in `start'
  /usr/lib/ruby/1.8/webrick/server.rb:92:in `each'
  /usr/lib/ruby/1.8/webrick/server.rb:92:in `start'
  /usr/lib/ruby/1.8/webrick/server.rb:23:in `start'
  /usr/lib/ruby/1.8/webrick/server.rb:82:in `start'
  -e:2:in `load'
  -e:2

Rendering rescues/layout (not_found)
